<?xml version="1.0" encoding="UTF-8"?>
<!-- Generated by org.testng.reporters.JUnitReportReporter -->
<testsuite hostname="LAPTOP-KOMAL" failures="0" tests="5" name="testGuru2.TestClass1" time="67.343" errors="0" timestamp="2023-01-30T21:55:18 ICT" skipped="0">
  <testcase classname="testGuru2.TestClass1" name="verifyCreateECommerceAct" time="16.879"/>
  <system-out/>
  <testcase classname="testGuru2.TestClass1" name="verifyErrorMsg" time="14.001"/>
  <system-out/>
  <testcase classname="testGuru2.TestClass1" name="verifyProductPriceFromDetailPage" time="9.545"/>
  <system-out/>
  <testcase classname="testGuru2.TestClass1" name="compareTwoProducts1" time="15.988"/>
  <system-out/>
  <testcase classname="testGuru2.TestClass1" name="verifyTitle" time="10.930"/>
  <system-out/>
</testsuite> <!-- testGuru2.TestClass1 -->
