<?xml version="1.0" encoding="UTF-8"?>
<!-- Generated by org.testng.reporters.JUnitReportReporter -->
<testsuite hostname="LAPTOP-KOMAL" failures="0" tests="1" name="testGuru2.verifyProductPrice" time="16.346" errors="0" timestamp="2023-01-24T23:24:21 ICT" skipped="0">
  <testcase classname="testGuru2.verifyProductPrice" name="verifyTitle" time="16.346"/>
  <system-out/>
</testsuite> <!-- testGuru2.verifyProductPrice -->
