<?xml version="1.0" encoding="UTF-8"?>
<!-- Generated by org.testng.reporters.JUnitReportReporter -->
<testsuite hostname="LAPTOP-KOMAL" failures="0" tests="1" name="testGuru2.NewTest" time="4.880" errors="0" timestamp="2023-01-24T23:21:33 ICT" skipped="0">
  <testcase classname="testGuru2.NewTest" name="verifyTitle" time="4.880"/>
  <system-out/>
</testsuite> <!-- testGuru2.NewTest -->
